# JRE version: 7.0_07-b11
# Java VM: Java HotSpot(TM) Client VM (23.3-b01 mixed mode, sharing windows-x86 )
Heap
 def new generation   total 4928K, used 2149K [0x23ca0000, 0x241f0000, 0x291f0000)
  eden space 4416K,  39% used [0x23ca0000, 0x23e594d0, 0x240f0000)
  from space 512K,  74% used [0x240f0000, 0x2414ff58, 0x24170000)
  to   space 512K,   0% used [0x24170000, 0x24170000, 0x241f0000)
 tenured generation   total 10944K, used 3416K [0x291f0000, 0x29ca0000, 0x33ca0000)
   the space 10944K,  31% used [0x291f0000, 0x29546118, 0x29546200, 0x29ca0000)
 compacting perm gen  total 12288K, used 1890K [0x33ca0000, 0x348a0000, 0x37ca0000)
   the space 12288K,  15% used [0x33ca0000, 0x33e789d0, 0x33e78a00, 0x348a0000)
    ro space 10240K,  45% used [0x37ca0000, 0x38124650, 0x38124800, 0x386a0000)
    rw space 12288K,  54% used [0x386a0000, 0x38d27e58, 0x38d28000, 0x392a0000)
GC Heap History (8 events):
Event: 0.226 GC heap before
{Heap before GC invocations=0 (full 0):
 def new generation   total 4928K, used 4416K [0x23ca0000, 0x241f0000, 0x291f0000)
  eden space 4416K, 100% used [0x23ca0000, 0x240f0000, 0x240f0000)
  from space 512K,   0% used [0x240f0000, 0x240f0000, 0x24170000)
  to   space 512K,   0% used [0x24170000, 0x24170000, 0x241f0000)
 tenured generation   total 10944K, used 0K [0x291f0000, 0x29ca0000, 0x33ca0000)
   the space 10944K,   0% used [0x291f0000, 0x291f0000, 0x291f0200, 0x29ca0000)
 compacting perm gen  total 12288K, used 988K [0x33ca0000, 0x348a0000, 0x37ca0000)
   the space 12288K,   8% used [0x33ca0000, 0x33d97368, 0x33d97400, 0x348a0000)
    ro space 10240K,  45% used [0x37ca0000, 0x38124650, 0x38124800, 0x386a0000)
    rw space 12288K,  54% used [0x386a0000, 0x38d27e58, 0x38d28000, 0x392a0000)
Event: 0.231 GC heap after
Heap after GC invocations=1 (full 0):
 def new generation   total 4928K, used 512K [0x23ca0000, 0x241f0000, 0x291f0000)
  eden space 4416K,   0% used [0x23ca0000, 0x23ca0000, 0x240f0000)
  from space 512K, 100% used [0x24170000, 0x241f0000, 0x241f0000)
  to   space 512K,   0% used [0x240f0000, 0x240f0000, 0x24170000)
 tenured generation   total 10944K, used 1272K [0x291f0000, 0x29ca0000, 0x33ca0000)
   the space 10944K,  11% used [0x291f0000, 0x2932e268, 0x2932e400, 0x29ca0000)
 compacting perm gen  total 12288K, used 988K [0x33ca0000, 0x348a0000, 0x37ca0000)
   the space 12288K,   8% used [0x33ca0000, 0x33d97368, 0x33d97400, 0x348a0000)
    ro space 10240K,  45% used [0x37ca0000, 0x38124650, 0x38124800, 0x386a0000)
    rw space 12288K,  54% used [0x386a0000, 0x38d27e58, 0x38d28000, 0x392a0000)
}
Event: 1.135 GC heap before
{Heap before GC invocations=1 (full 0):
 def new generation   total 4928K, used 4928K [0x23ca0000, 0x241f0000, 0x291f0000)
  eden space 4416K, 100% used [0x23ca0000, 0x240f0000, 0x240f0000)
  from space 512K, 100% used [0x24170000, 0x241f0000, 0x241f0000)
  to   space 512K,   0% used [0x240f0000, 0x240f0000, 0x24170000)
 tenured generation   total 10944K, used 1272K [0x291f0000, 0x29ca0000, 0x33ca0000)
   the space 10944K,  11% used [0x291f0000, 0x2932e268, 0x2932e400, 0x29ca0000)
 compacting perm gen  total 12288K, used 1650K [0x33ca0000, 0x348a0000, 0x37ca0000)
   the space 12288K,  13% used [0x33ca0000, 0x33e3c8f0, 0x33e3ca00, 0x348a0000)
    ro space 10240K,  45% used [0x37ca0000, 0x38124650, 0x38124800, 0x386a0000)
    rw space 12288K,  54% used [0x386a0000, 0x38d27e58, 0x38d28000, 0x392a0000)
Event: 1.141 GC heap after
Heap after GC invocations=2 (full 0):
 def new generation   total 4928K, used 512K [0x23ca0000, 0x241f0000, 0x291f0000)
  eden space 4416K,   0% used [0x23ca0000, 0x23ca0000, 0x240f0000)
  from space 512K, 100% used [0x240f0000, 0x24170000, 0x24170000)
  to   space 512K,   0% used [0x24170000, 0x24170000, 0x241f0000)
 tenured generation   total 10944K, used 2358K [0x291f0000, 0x29ca0000, 0x33ca0000)
   the space 10944K,  21% used [0x291f0000, 0x2943db78, 0x2943dc00, 0x29ca0000)
 compacting perm gen  total 12288K, used 1650K [0x33ca0000, 0x348a0000, 0x37ca0000)
   the space 12288K,  13% used [0x33ca0000, 0x33e3c8f0, 0x33e3ca00, 0x348a0000)
    ro space 10240K,  45% used [0x37ca0000, 0x38124650, 0x38124800, 0x386a0000)
    rw space 12288K,  54% used [0x386a0000, 0x38d27e58, 0x38d28000, 0x392a0000)
}
Event: 1.240 GC heap before
{Heap before GC invocations=2 (full 0):
 def new generation   total 4928K, used 4928K [0x23ca0000, 0x241f0000, 0x291f0000)
  eden space 4416K, 100% used [0x23ca0000, 0x240f0000, 0x240f0000)
  from space 512K, 100% used [0x240f0000, 0x24170000, 0x24170000)
  to   space 512K,   0% used [0x24170000, 0x24170000, 0x241f0000)
 tenured generation   total 10944K, used 2358K [0x291f0000, 0x29ca0000, 0x33ca0000)
   the space 10944K,  21% used [0x291f0000, 0x2943db78, 0x2943dc00, 0x29ca0000)
 compacting perm gen  total 12288K, used 1653K [0x33ca0000, 0x348a0000, 0x37ca0000)
   the space 12288K,  13% used [0x33ca0000, 0x33e3d5d8, 0x33e3d600, 0x348a0000)
    ro space 10240K,  45% used [0x37ca0000, 0x38124650, 0x38124800, 0x386a0000)
    rw space 12288K,  54% used [0x386a0000, 0x38d27e58, 0x38d28000, 0x392a0000)
Event: 1.244 GC heap after
Heap after GC invocations=3 (full 0):
 def new generation   total 4928K, used 512K [0x23ca0000, 0x241f0000, 0x291f0000)
  eden space 4416K,   0% used [0x23ca0000, 0x23ca0000, 0x240f0000)
  from space 512K, 100% used [0x24170000, 0x241f0000, 0x241f0000)
  to   space 512K,   0% used [0x240f0000, 0x240f0000, 0x24170000)
 tenured generation   total 10944K, used 2917K [0x291f0000, 0x29ca0000, 0x33ca0000)
   the space 10944K,  26% used [0x291f0000, 0x294c9438, 0x294c9600, 0x29ca0000)
 compacting perm gen  total 12288K, used 1653K [0x33ca0000, 0x348a0000, 0x37ca0000)
   the space 12288K,  13% used [0x33ca0000, 0x33e3d5d8, 0x33e3d600, 0x348a0000)
    ro space 10240K,  45% used [0x37ca0000, 0x38124650, 0x38124800, 0x386a0000)
    rw space 12288K,  54% used [0x386a0000, 0x38d27e58, 0x38d28000, 0x392a0000)
}
Event: 5.160 GC heap before
{Heap before GC invocations=3 (full 0):
 def new generation   total 4928K, used 4928K [0x23ca0000, 0x241f0000, 0x291f0000)
  eden space 4416K, 100% used [0x23ca0000, 0x240f0000, 0x240f0000)
  from space 512K, 100% used [0x24170000, 0x241f0000, 0x241f0000)
  to   space 512K,   0% used [0x240f0000, 0x240f0000, 0x24170000)
 tenured generation   total 10944K, used 2917K [0x291f0000, 0x29ca0000, 0x33ca0000)
   the space 10944K,  26% used [0x291f0000, 0x294c9438, 0x294c9600, 0x29ca0000)
 compacting perm gen  total 12288K, used 1710K [0x33ca0000, 0x348a0000, 0x37ca0000)
   the space 12288K,  13% used [0x33ca0000, 0x33e4ba48, 0x33e4bc00, 0x348a0000)
    ro space 10240K,  45% used [0x37ca0000, 0x38124650, 0x38124800, 0x386a0000)
    rw space 12288K,  54% used [0x386a0000, 0x38d27e58, 0x38d28000, 0x392a0000)
Event: 5.163 GC heap after
Heap after GC invocations=4 (full 0):
 def new generation   total 4928K, used 383K [0x23ca0000, 0x241f0000, 0x291f0000)
  eden space 4416K,   0% used [0x23ca0000, 0x23ca0000, 0x240f0000)
  from space 512K,  74% used [0x240f0000, 0x2414ff58, 0x24170000)
  to   space 512K,   0% used [0x24170000, 0x24170000, 0x241f0000)
 tenured generation   total 10944K, used 3416K [0x291f0000, 0x29ca0000, 0x33ca0000)
   the space 10944K,  31% used [0x291f0000, 0x29546118, 0x29546200, 0x29ca0000)
 compacting perm gen  total 12288K, used 1710K [0x33ca0000, 0x348a0000, 0x37ca0000)
   the space 12288K,  13% used [0x33ca0000, 0x33e4ba48, 0x33e4bc00, 0x348a0000)
    ro space 10240K,  45% used [0x37ca0000, 0x38124650, 0x38124800, 0x386a0000)
    rw space 12288K,  54% used [0x386a0000, 0x38d27e58, 0x38d28000, 0x392a0000)
}

